
[STEP 0] init v0.5 commerce registry runner
[INFO] profile_id=commerce_deliver dt=2026-05-28 scenario=baseline output_dir=/mnt/d/etl_storage/log/logdata/source/commerce_deliver/2026-05-28/baseline
[INFO] log_file=/home/dwkim_nethru/data/etl/data-reliability-platform/artifacts/logs/run_v05_commerce_commerce_deliver_2026-05-28_baseline_20260530215159.log
[INFO] authoritative=v05 commerce; v04 measurement/R analytics are evidence only; v04 semantic/risk/action/ml default disabled

[STEP 0.1] resolve scenario registry
[INFO] scenario_family=journey_native source_generation_scenario=baseline expected=low
[INFO] use_exogenous=false apply_source_runtime=false mode=

[STEP 0.2] apply schemas
[SQL_FILE] /home/dwkim_nethru/data/etl/data-reliability-platform/sql/050_v04_batch_analysis_interface_restore_mariadb.sql
[SQL_FILE] /home/dwkim_nethru/data/etl/data-reliability-platform/sql/054_v05_batch_behavior_distribution_schema_mariadb.sql
[SQL_FILE] /home/dwkim_nethru/data/etl/data-reliability-platform/sql/031_v05_commerce_source_schema_mariadb.sql
[SQL_FILE] /home/dwkim_nethru/data/etl/data-reliability-platform/sql/032_v05_transaction_state_canonicalization_mariadb.sql
[SQL_FILE] /home/dwkim_nethru/data/etl/data-reliability-platform/sql/033_v05_reconciliation_measurement_schema_mariadb.sql
[SQL_FILE] /home/dwkim_nethru/data/etl/data-reliability-platform/sql/034_v05_semantic_risk_schema_mariadb.sql
[SQL_FILE] /home/dwkim_nethru/data/etl/data-reliability-platform/sql/064_v05_baseline_reference_schema_mariadb.sql
[SQL_FILE] /home/dwkim_nethru/data/etl/data-reliability-platform/sql/065_v05_baseline_distribution_schema_mariadb.sql
[SQL_FILE] /home/dwkim_nethru/data/etl/data-reliability-platform/sql/066_v05_distribution_compare_schema_mariadb.sql
[SQL_FILE] /home/dwkim_nethru/data/etl/data-reliability-platform/sql/068_v05_time_correlation_analysis_schema_mariadb.sql
[SQL_FILE] /home/dwkim_nethru/data/etl/data-reliability-platform/sql/069_v05_batch_behavior_anomaly_schema_mariadb.sql
[SQL_FILE] /home/dwkim_nethru/data/etl/data-reliability-platform/sql/036_v05_observability_measurement_schema_mariadb.sql
[SQL_FILE] /home/dwkim_nethru/data/etl/data-reliability-platform/sql/067_v05_observability_core_absorb_schema_mariadb.sql
[SQL_FILE] /home/dwkim_nethru/data/etl/data-reliability-platform/sql/035_v05_wc_collection_reconciliation_view_mariadb.sql

[STEP 0.21] ensure scenario identity columns
[RUN] /home/dwkim_nethru/data/etl/data-reliability-platform/.venv/bin/python3 -m pipelines.commerce.schema.ensure_v05_scenario_identity_columns --db-host 127.0.0.1 --db-port 3306 --db-user nethru --db-pass nethru1234 --db-name weblog
[OK] column exists stg_webserver_log_hit.scenario_id
[OK] column exists stg_webserver_log_hit.scenario_name
[OK] column exists stg_webserver_log_hit.source_generation_scenario
[OK] column exists event_log_raw.scenario_id
[OK] column exists event_log_raw.scenario_name
[OK] column exists event_log_raw.source_generation_scenario
[OK] column exists canonical_events.scenario_id
[OK] column exists canonical_events.scenario_name
[OK] column exists canonical_events.source_generation_scenario
[OK] column exists stg_event_batch.scenario_id
[OK] column exists stg_event_batch.scenario_name
[OK] column exists stg_event_batch.source_generation_scenario
[OK] column exists stg_event_stream.scenario_id
[OK] column exists stg_event_stream.scenario_name
[OK] column exists stg_event_stream.source_generation_scenario
[OK] column exists stream_replay_event.scenario_id
[OK] column exists stream_replay_event.scenario_name
[OK] column exists stream_replay_event.source_generation_scenario
[OK] column exists canonical_behavior_events.scenario_id
[OK] column exists canonical_behavior_events.scenario_name
[OK] column exists canonical_behavior_events.source_generation_scenario
[OK] column exists canonical_transaction_events.scenario_id
[OK] column exists canonical_transaction_events.scenario_name
[OK] column exists canonical_transaction_events.source_generation_scenario
[OK] column exists canonical_state_events.scenario_id
[OK] column exists canonical_state_events.scenario_name
[OK] column exists canonical_state_events.source_generation_scenario
[OK] column exists behavior_transaction_mapping.scenario_id
[OK] column exists behavior_transaction_mapping.scenario_name
[OK] column exists behavior_transaction_mapping.source_generation_scenario
[OK] column exists transaction_state_mapping.scenario_id
[OK] column exists transaction_state_mapping.scenario_name
[OK] column exists transaction_state_mapping.source_generation_scenario
[DONE] ensure_v05_scenario_identity_columns

[STEP 0.25] scoped reset/truncate for scenario test
[RESET] v0.5 commerce scoped reset
PROFILE_ID=commerce_deliver
DT=2026-05-28..2026-05-28
SCENARIO_FILTER=all
RUN_ID_FILTER=all
SOURCE_GEN_RUN_ID_FILTER=all
RESET_SOURCE_FILES=true
RESET_ML_FEATURES=false
RESET_META=false
DRY_RUN=false
POLICY=scoped-delete-then-insert; preserve ML feature/AI outputs and Baseline Reference tables by default
PRESERVE_BASELINE_REFERENCE=true
[DELETE] action_recommendation_day_v05 WHERE 1=1 AND profile_id='commerce_deliver' AND target_date BETWEEN '2026-05-28' AND '2026-05-28'
[DELETE] unified_reliability_score_day_v05 WHERE 1=1 AND profile_id='commerce_deliver' AND target_date BETWEEN '2026-05-28' AND '2026-05-28'
[DELETE] semantic_interpretation_day_v05 WHERE 1=1 AND profile_id='commerce_deliver' AND target_date BETWEEN '2026-05-28' AND '2026-05-28'
[DELETE] reliability_analysis_result_day_v05 WHERE 1=1 AND profile_id='commerce_deliver' AND target_date BETWEEN '2026-05-28' AND '2026-05-28'
[DELETE] v05_reconciliation_measurement_day WHERE 1=1 AND profile_id='commerce_deliver' AND target_date BETWEEN '2026-05-28' AND '2026-05-28'
[DELETE] transaction_state_mapping WHERE 1=1 AND profile_id='commerce_deliver' AND target_date BETWEEN '2026-05-28' AND '2026-05-28'
[DELETE] behavior_transaction_mapping WHERE 1=1 AND profile_id='commerce_deliver' AND target_date BETWEEN '2026-05-28' AND '2026-05-28'
[DELETE] canonical_state_events WHERE 1=1 AND profile_id='commerce_deliver' AND target_date BETWEEN '2026-05-28' AND '2026-05-28'
[DELETE] canonical_transaction_events WHERE 1=1 AND profile_id='commerce_deliver' AND target_date BETWEEN '2026-05-28' AND '2026-05-28'
[DELETE] canonical_behavior_events WHERE 1=1 AND profile_id='commerce_deliver' AND target_date BETWEEN '2026-05-28' AND '2026-05-28'
[DELETE] v05_runtime_evidence_day WHERE 1=1 AND profile_id='commerce_deliver' AND target_date BETWEEN '2026-05-28' AND '2026-05-28'
[DELETE] v05_semantic_action_calibration_review_day WHERE 1=1 AND profile_id='commerce_deliver' AND target_date BETWEEN '2026-05-28' AND '2026-05-28'
[DELETE] v05_observability_measurement_day WHERE 1=1 AND profile_id='commerce_deliver' AND target_date BETWEEN '2026-05-28' AND '2026-05-28'
[DELETE] r_v05_observability_analysis_day WHERE 1=1 AND profile_id='commerce_deliver' AND target_date BETWEEN '2026-05-28' AND '2026-05-28'
[DELETE] v05_observability_anomaly_trace_day WHERE 1=1 AND profile_id='commerce_deliver' AND target_date BETWEEN '2026-05-28' AND '2026-05-28'
[DELETE] v05_state_log_raw WHERE 1=1 AND profile_id='commerce_deliver' AND target_date BETWEEN '2026-05-28' AND '2026-05-28'
[DELETE] v05_transaction_log_raw WHERE 1=1 AND profile_id='commerce_deliver' AND target_date BETWEEN '2026-05-28' AND '2026-05-28'
[DELETE] source_exogenous_snapshot_v05 WHERE 1=1 AND profile_id='commerce_deliver' AND target_date BETWEEN '2026-05-28' AND '2026-05-28'
[DELETE] r_reliability_analysis_result_day WHERE 1=1 AND profile_id='commerce_deliver' AND dt BETWEEN '2026-05-28' AND '2026-05-28'
[DELETE] r_batch_behavior_analysis_day WHERE 1=1 AND profile_id='commerce_deliver' AND dt BETWEEN '2026-05-28' AND '2026-05-28'
[DELETE] r_batch_distribution_analysis_day WHERE 1=1 AND profile_id='commerce_deliver' AND dt BETWEEN '2026-05-28' AND '2026-05-28'
[DELETE] r_risk_threshold_profile_v2 WHERE 1=1 AND profile_id='commerce_deliver'
[DELETE] r_risk_metric_distribution_day WHERE 1=1 AND profile_id='commerce_deliver' AND dt BETWEEN '2026-05-28' AND '2026-05-28'
[DELETE] r_metric_correlation_anomaly_day WHERE 1=1 AND profile_id='commerce_deliver' AND dt BETWEEN '2026-05-28' AND '2026-05-28'
[DELETE] r_metric_time_pattern_anomaly_day WHERE 1=1 AND profile_id='commerce_deliver' AND dt BETWEEN '2026-05-28' AND '2026-05-28'
[DELETE] measurement_realism_day WHERE 1=1 AND profile_id='commerce_deliver' AND dt BETWEEN '2026-05-28' AND '2026-05-28'
[DELETE] measurement_operational_day WHERE 1=1 AND profile_id='commerce_deliver' AND dt BETWEEN '2026-05-28' AND '2026-05-28'
[DELETE] measurement_stream_day WHERE 1=1 AND profile_id='commerce_deliver' AND dt BETWEEN '2026-05-28' AND '2026-05-28'
[DELETE] measurement_batch_day WHERE 1=1 AND profile_id='commerce_deliver' AND dt BETWEEN '2026-05-28' AND '2026-05-28'
[DELETE] mapping_coverage_day WHERE 1=1 AND profile_id='commerce_deliver' AND dt BETWEEN '2026-05-28' AND '2026-05-28'
[DELETE] batch_behavior_anomaly_day WHERE 1=1 AND profile_id='commerce_deliver' AND dt BETWEEN '2026-05-28' AND '2026-05-28'
[DELETE] batch_behavior_distribution_day WHERE 1=1 AND profile_id='commerce_deliver' AND dt BETWEEN '2026-05-28' AND '2026-05-28'
[DELETE] batch_behavior_measurement_day WHERE 1=1 AND profile_id='commerce_deliver' AND dt BETWEEN '2026-05-28' AND '2026-05-28'
[DELETE] batch_input_day WHERE 1=1 AND profile_id='commerce_deliver' AND target_date BETWEEN '2026-05-28' AND '2026-05-28'
[DELETE] batch_quality_diagnostic_v04 WHERE 1=1 AND profile_id='commerce_deliver' AND dt BETWEEN '2026-05-28' AND '2026-05-28'
[DELETE] stg_ds_metric_hh WHERE 1=1 AND profile_id='commerce_deliver' AND dt BETWEEN '2026-05-28' AND '2026-05-28'
[DELETE] stg_ds_metric_hh_wide WHERE 1=1 AND profile_id='commerce_deliver' AND dt BETWEEN '2026-05-28' AND '2026-05-28'
[DELETE] stream_reliability_summary_day WHERE 1=1 AND profile_id='commerce_deliver' AND dt BETWEEN '2026-05-28' AND '2026-05-28'
[DELETE] stream_reliability_summary_minute WHERE 1=1 AND profile_id='commerce_deliver'
[DELETE] stream_validation_result_day WHERE 1=1 AND profile_id='commerce_deliver' AND dt BETWEEN '2026-05-28' AND '2026-05-28'
[DELETE] stream_validation_summary_day WHERE 1=1 AND profile_id='commerce_deliver' AND dt BETWEEN '2026-05-28' AND '2026-05-28'
[DELETE] stream_replay_event WHERE 1=1 AND profile_id='commerce_deliver' AND target_date BETWEEN '2026-05-28' AND '2026-05-28'
[DELETE] stg_event_stream WHERE 1=1 AND profile_id='commerce_deliver' AND dt BETWEEN '2026-05-28' AND '2026-05-28'
[DELETE] pipeline_availability_day WHERE 1=1 AND dt BETWEEN '2026-05-28' AND '2026-05-28'
[DELETE] pipeline_availability_run WHERE 1=1 AND dt BETWEEN '2026-05-28' AND '2026-05-28'
[DELETE] pipeline_performance_summary_day WHERE 1=1 AND dt BETWEEN '2026-05-28' AND '2026-05-28'
[DELETE] pipeline_performance_summary_minute WHERE 1=1 AND dt BETWEEN '2026-05-28' AND '2026-05-28'
[DELETE] pipeline_run_registry WHERE 1=1 AND profile_id='commerce_deliver'
[DELETE] stg_event_batch WHERE 1=1 AND profile_id='commerce_deliver' AND dt BETWEEN '2026-05-28' AND '2026-05-28'
[DELETE] canonical_events WHERE 1=1 AND profile_id='commerce_deliver' AND target_date BETWEEN '2026-05-28' AND '2026-05-28'
[DELETE] event_log_raw WHERE 1=1 AND profile_id='commerce_deliver' AND dt BETWEEN '2026-05-28' AND '2026-05-28'
[DELETE] raw_snapshot_manifest WHERE 1=1 AND profile_id='commerce_deliver' AND target_date BETWEEN '2026-05-28' AND '2026-05-28'
[DELETE] source_file_manifest WHERE 1=1 AND profile_id='commerce_deliver' AND target_date BETWEEN '2026-05-28' AND '2026-05-28'
[DELETE] source_generation_result_history WHERE 1=1 AND profile_id='commerce_deliver' AND target_date BETWEEN '2026-05-28' AND '2026-05-28'
[DELETE] source_generation_result_summary WHERE 1=1 AND profile_id='commerce_deliver' AND target_date BETWEEN '2026-05-28' AND '2026-05-28'
[DELETE] verification_snapshot_v1 WHERE 1=1 AND profile_id='commerce_deliver' AND target_date BETWEEN '2026-05-28' AND '2026-05-28'
[DELETE] exogenous_state_timeline WHERE 1=1 AND profile_id='commerce_deliver' AND dt BETWEEN '2026-05-28' AND '2026-05-28'
[DELETE] exogenous_timeline_v1 WHERE 1=1 AND profile_id='commerce_deliver' AND target_date BETWEEN '2026-05-28' AND '2026-05-28'
[DELETE] v05_exogenous_registration_snapshot WHERE 1=1 AND profile_id='commerce_deliver' AND target_date BETWEEN '2026-05-28' AND '2026-05-28'
[SKIP] preserve Phase5 ML/AI outputs by default
[DELETE_DIR] /mnt/d/etl_storage/log/logdata/source/commerce_deliver/2026-05-28
[DONE] v0.5 commerce reset completed

[STEP 0.25] validate semantic/action calibration config
[RUN] /home/dwkim_nethru/data/etl/data-reliability-platform/.venv/bin/python3 -m pipelines.commerce.validation.validate_v05_semantic_action_calibration --calibration-config /home/dwkim_nethru/data/etl/data-reliability-platform/pipelines/commerce/configs/v05_semantic_action_calibration.yaml
[OK] calibration config valid scenarios=15 path=/home/dwkim_nethru/data/etl/data-reliability-platform/pipelines/commerce/configs/v05_semantic_action_calibration.yaml

[STEP 0.3] preflight commerce assets

[STEP 0.4] register pipeline run
[INFO] run_id=482
[INFO] exogenous_snapshot_id=none

[STEP 1.1] customer journey source generation: journey -> behavior/transaction/state
[RUN] /home/dwkim_nethru/data/etl/data-reliability-platform/.venv/bin/python3 -m simulator.customer_journey_sim.runners.generate_phase1 --profile-config /home/dwkim_nethru/data/etl/data-reliability-platform/simulator/customer_journey_sim/configs/commerce_deliver.yaml --event-date 2026-05-28 --scenario baseline --journeys 0 --out-dir /mnt/d/etl_storage/log/logdata/source/commerce_deliver/2026-05-28/baseline --seed 42
[OK] generated v0.5 phase1 logs: {'journey_jsonl': '/mnt/d/etl_storage/log/logdata/source/commerce_deliver/2026-05-28/baseline/commerce_deliver_2026-05-28_baseline_journey.jsonl', 'behavior_w3c_log': '/mnt/d/etl_storage/log/logdata/source/commerce_deliver/2026-05-28/baseline/commerce_deliver_2026-05-28_baseline_behavior.w3c.log', 'hourly_summary_json': '/mnt/d/etl_storage/log/logdata/source/commerce_deliver/2026-05-28/baseline/commerce_deliver_2026-05-28_baseline_hourly_summary.json', 'behavior_realism_summary_json': '/mnt/d/etl_storage/log/logdata/source/commerce_deliver/2026-05-28/baseline/commerce_deliver_2026-05-28_baseline_behavior_realism_summary.json', 'analyzer_compatibility_summary_json': '/mnt/d/etl_storage/log/logdata/source/commerce_deliver/2026-05-28/baseline/commerce_deliver_2026-05-28_baseline_analyzer_compatibility_summary.json', 'transaction_jsonl': '/mnt/d/etl_storage/log/logdata/source/commerce_deliver/2026-05-28/baseline/commerce_deliver_2026-05-28_baseline_transaction.jsonl', 'state_jsonl': '/mnt/d/etl_storage/log/logdata/source/commerce_deliver/2026-05-28/baseline/commerce_deliver_2026-05-28_baseline_state.jsonl'}
[OK] counts: {'journey_count': 6446, 'unique_visitor_count': 4361, 'behavior_count': 33527, 'transaction_count': 4086, 'state_count': 2444}
[RUN] /home/dwkim_nethru/data/etl/data-reliability-platform/.venv/bin/python3 -m simulator.customer_journey_sim.runners.validate_phase1 --manifest /mnt/d/etl_storage/log/logdata/source/commerce_deliver/2026-05-28/baseline/commerce_deliver_2026-05-28_baseline_manifest.json
[CHECK] journey_count= 6446
[CHECK] unique_visitor_count= 4361
[CHECK] behavior_apache_count= 33527
[CHECK] behavior_unique_pcid= 4361
[CHECK] transaction_count= 4086
[CHECK] state_count= 2444
[CHECK] transaction_coverage= 1329 / 6446
[CHECK] state_coverage= 1124 / 6446
[CHECK] behavior_first_ts= 2026-05-28T00:00:04+09:00
[CHECK] behavior_last_ts= 2026-05-28T23:59:59+09:00
[CHECK] hourly_user_behavior_summary= [{'avg_session_duration_sec': 213.7, 'bounce_visit_rate': 0.2029, 'deep_visit_rate': 0.3333, 'hour': '00', 'pageviews': 316, 'pageviews_per_visit': 4.58, 'visitors': 64, 'visits': 69}, {'avg_session_duration_sec': 269.9, 'bounce_visit_rate': 0.1585, 'deep_visit_rate': 0.378, 'hour': '01', 'pageviews': 419, 'pageviews_per_visit': 5.11, 'visitors': 81, 'visits': 82}, {'avg_session_duration_sec': 190.2, 'bounce_visit_rate': 0.3279, 'deep_visit_rate': 0.2787, 'hour': '02', 'pageviews': 262, 'pageviews_per_visit': 4.3, 'visitors': 59, 'visits': 61}, {'avg_session_duration_sec': 224.5, 'bounce_visit_rate': 0.1923, 'deep_visit_rate': 0.4103, 'hour': '03', 'pageviews': 394, 'pageviews_per_visit': 5.05, 'visitors': 78, 'visits': 78}, {'avg_session_duration_sec': 230.7, 'bounce_visit_rate': 0.241, 'deep_visit_rate': 0.3976, 'hour': '04', 'pageviews': 399, 'pageviews_per_visit': 4.81, 'visitors': 82, 'visits': 83}, {'avg_session_duration_sec': 227.8, 'bounce_visit_rate': 0.2308, 'deep_visit_rate': 0.3504, 'hour': '05', 'pageviews': 553, 'pageviews_per_visit': 4.73, 'visitors': 116, 'visits': 117}, {'avg_session_duration_sec': 231.3, 'bounce_visit_rate': 0.1988, 'deep_visit_rate': 0.3976, 'hour': '06', 'pageviews': 805, 'pageviews_per_visit': 4.85, 'visitors': 163, 'visits': 166}, {'avg_session_duration_sec': 230.4, 'bounce_visit_rate': 0.2151, 'deep_visit_rate': 0.4086, 'hour': '07', 'pageviews': 874, 'pageviews_per_visit': 4.7, 'visitors': 179, 'visits': 186}, {'avg_session_duration_sec': 229.7, 'bounce_visit_rate': 0.2063, 'deep_visit_rate': 0.4056, 'hour': '08', 'pageviews': 1459, 'pageviews_per_visit': 5.1, 'visitors': 275, 'visits': 286}, {'avg_session_duration_sec': 242.1, 'bounce_visit_rate': 0.181, 'deep_visit_rate': 0.4032, 'hour': '09', 'pageviews': 1557, 'pageviews_per_visit': 4.94, 'visitors': 310, 'visits': 315}, {'avg_session_duration_sec': 243.8, 'bounce_visit_rate': 0.1714, 'deep_visit_rate': 0.387, 'hour': '10', 'pageviews': 1912, 'pageviews_per_visit': 4.97, 'visitors': 376, 'visits': 385}, {'avg_session_duration_sec': 284.9, 'bounce_visit_rate': 0.1504, 'deep_visit_rate': 0.5435, 'hour': '11', 'pageviews': 2170, 'pageviews_per_visit': 5.73, 'visitors': 371, 'visits': 379}, {'avg_session_duration_sec': 286.5, 'bounce_visit_rate': 0.1146, 'deep_visit_rate': 0.5382, 'hour': '12', 'pageviews': 1868, 'pageviews_per_visit': 5.95, 'visitors': 306, 'visits': 314}, {'avg_session_duration_sec': 244.5, 'bounce_visit_rate': 0.1701, 'deep_visit_rate': 0.4592, 'hour': '13', 'pageviews': 1597, 'pageviews_per_visit': 5.43, 'visitors': 287, 'visits': 294}, {'avg_session_duration_sec': 225.6, 'bounce_visit_rate': 0.142, 'deep_visit_rate': 0.358, 'hour': '14', 'pageviews': 1633, 'pageviews_per_visit': 5.04, 'visitors': 311, 'visits': 324}, {'avg_session_duration_sec': 238.6, 'bounce_visit_rate': 0.2053, 'deep_visit_rate': 0.3842, 'hour': '15', 'pageviews': 1654, 'pageviews_per_visit': 4.85, 'visitors': 331, 'visits': 341}, {'avg_session_duration_sec': 229.6, 'bounce_visit_rate': 0.2141, 'deep_visit_rate': 0.3606, 'hour': '16', 'pageviews': 1748, 'pageviews_per_visit': 4.92, 'visitors': 346, 'visits': 355}, {'avg_session_duration_sec': 236.2, 'bounce_visit_rate': 0.1918, 'deep_visit_rate': 0.4041, 'hour': '17', 'pageviews': 1942, 'pageviews_per_visit': 4.97, 'visitors': 381, 'visits': 391}, {'avg_session_duration_sec': 262.7, 'bounce_visit_rate': 0.1852, 'deep_visit_rate': 0.4914, 'hour': '18', 'pageviews': 2196, 'pageviews_per_visit': 5.42, 'visitors': 393, 'visits': 405}, {'avg_session_duration_sec': 280.7, 'bounce_visit_rate': 0.159, 'deep_visit_rate': 0.5033, 'hour': '19', 'pageviews': 2598, 'pageviews_per_visit': 5.66, 'visitors': 441, 'visits': 459}, {'avg_session_duration_sec': 278.1, 'bounce_visit_rate': 0.1743, 'deep_visit_rate': 0.5133, 'hour': '20', 'pageviews': 2325, 'pageviews_per_visit': 5.63, 'visitors': 406, 'visits': 413}, {'avg_session_duration_sec': 250.6, 'bounce_visit_rate': 0.178, 'deep_visit_rate': 0.4398, 'hour': '21', 'pageviews': 2068, 'pageviews_per_visit': 5.41, 'visitors': 377, 'visits': 382}, {'avg_session_duration_sec': 242.0, 'bounce_visit_rate': 0.172, 'deep_visit_rate': 0.3822, 'hour': '22', 'pageviews': 1569, 'pageviews_per_visit': 5.0, 'visitors': 313, 'visits': 314}, {'avg_session_duration_sec': 218.1, 'bounce_visit_rate': 0.2429, 'deep_visit_rate': 0.3441, 'hour': '23', 'pageviews': 1209, 'pageviews_per_visit': 4.89, 'visitors': 244, 'visits': 247}]
[CHECK] avg_pageviews_per_visit= 5.2
[CHECK] behavior_realism_summary= {'actor_distribution': {'bounce': 963, 'compare_heavy': 778, 'coupon_hunter': 409, 'normal_browse': 2086, 'quick_order': 2210}, 'avg_pageviews_per_visit': 5.2, 'avg_session_duration_sec': 248.6, 'behavior_count': 33527, 'deep_visit_rate': 0.4296, 'exit_stage_distribution': {'add_cart': 573, 'browse': 1433, 'checkout': 317, 'delivery': 635, 'home': 238, 'order_complete': 467, 'payment': 127, 'product_view': 1695, 'refund': 22, 'search': 939}, 'non_linear_navigation_rate': 0.717, 'repeat_visit_count': 2085, 'single_or_two_page_visit_rate': 0.1824, 'unique_visitor_count': 4361, 'visit_count': 6446}
[CHECK] analyzer_compatibility_summary= {'analyzer_expected_avg_session_duration_sec': 248.6, 'analyzer_expected_pv_per_visit': 5.2, 'anonymous_cookie_rate': 0.91938, 'authenticated_session_count': 990, 'authenticated_session_rate': 0.15358, 'compatibility_note': 'Internal weblog analyzer should group visits by stable sid with stable IP and User-Agent. uid is authentication-scoped and may be blank on anonymous browse/search/product_view rows.', 'referer_distribution': {'campaign': 1052, 'daum': 1617, 'direct': 3905, 'google': 1622, 'internal': 22644, 'kakao': 581, 'naver': 2106}, 'repeat_pcid_new_sid_count': 1496, 'repeat_pcid_new_sid_rate': 0.34304, 'same_sid_ip_stability_rate': 1.0, 'same_sid_user_agent_stability_rate': 1.0, 'session_count_by_sid': 6446, 'stage_distribution': {'add_cart': 2141, 'browse': 8873, 'checkout': 1568, 'delivery': 649, 'home': 2950, 'order_complete': 1124, 'payment': 1251, 'product_view': 8588, 'refund': 22, 'search': 6361}, 'uid_by_stage_distribution': {'checkout': 588, 'delivery': 470, 'order_complete': 797, 'payment': 831, 'refund': 17}, 'uid_cookie_empty_count': 30824, 'uid_cookie_non_empty_count': 2703, 'uid_cookie_rate': 0.08062}
[CHECK] uid_cookie_realism_summary= {'total': 33527, 'uid_non_empty': 2703, 'uid_empty': 30824, 'uid_cookie_rate': 0.08062, 'anonymous_cookie_rate': 0.91938, 'early_stage_uid_rate': 0.0, 'uid_by_stage_distribution': {'checkout': 588, 'delivery': 470, 'order_complete': 797, 'payment': 831, 'refund': 17}, 'stage_distribution': {'add_cart': 2141, 'browse': 8873, 'checkout': 1568, 'delivery': 649, 'home': 2950, 'order_complete': 1124, 'payment': 1251, 'product_view': 8588, 'refund': 22, 'search': 6361}}
[OK] v0.5 Phase1 source generation validation passed

[STEP 1.3] register Phase1 source files
[INFO] source_gen_run_id=477

[STEP 2] behavior raw -> stage -> collector -> raw event -> canonical
[RUN] /home/dwkim_nethru/data/etl/data-reliability-platform/.venv/bin/python3 -m pipelines.ingest.collect_raw_snapshot --profile-id commerce_deliver --target-date 2026-05-28 --source-gen-run-id 477 --input-dir /mnt/d/etl_storage/log/logdata/source/commerce_deliver/2026-05-28/baseline --db-host 127.0.0.1 --db-port 3306 --db-user nethru --db-pass nethru1234 --db-name weblog
[OK] inserted 5 rows into raw_snapshot_manifest
[RUN] /home/dwkim_nethru/data/etl/data-reliability-platform/.venv/bin/python3 /home/dwkim_nethru/data/etl/data-reliability-platform/pipelines/ingest/load_source_webserver_stage_v04.py --profile-id commerce_deliver --target-date 2026-05-28 --source-gen-run-id 477 --input-dir /mnt/d/etl_storage/log/logdata/source/commerce_deliver/2026-05-28/baseline --scenario-name baseline --scenario-id baseline --source-generation-scenario baseline --truncate-target --db-host 127.0.0.1 --db-port 3306 --db-user nethru --db-pass nethru1234 --db-name weblog
[INFO] source_files=/mnt/d/etl_storage/log/logdata/source/commerce_deliver/2026-05-28/baseline/commerce_deliver_2026-05-28_baseline_behavior.w3c.log
[load_source_webserver_stage_v04] inserted=33527 bad_rows=0
[SCENARIO_IDENTITY] scenario_id=baseline scenario_name=baseline source_generation_scenario=baseline cnt=33527

[STEP 2.05] fast stage scenario identity validation
[RUN] /home/dwkim_nethru/data/etl/data-reliability-platform/.venv/bin/python3 -m pipelines.commerce.validation.validate_v05_stage_scenario_identity --db-host 127.0.0.1 --db-port 3306 --db-user nethru --db-pass nethru1234 --db-name weblog --profile-id commerce_deliver --target-date 2026-05-28 --scenario-name baseline --source-gen-run-id 477 --expected-source-generation-scenario baseline
[IDENTITY] scenario_id=baseline scenario_name=baseline source_generation_scenario=baseline source_gen_run_id=477 cnt=33527
[OK] stage scenario identity valid rows=33527 scenario_name=baseline

[STEP 2.06] purge previous source_gen runs for same scenario
[RUN] /home/dwkim_nethru/data/etl/data-reliability-platform/.venv/bin/python3 -m pipelines.commerce.maintenance.purge_previous_sourcegen_runs_for_scenario --db-host 127.0.0.1 --db-port 3306 --db-user nethru --db-pass nethru1234 --db-name weblog --profile-id commerce_deliver --target-date 2026-05-28 --scenario-name baseline --active-source-gen-run-id 477
[INFO] scenario=baseline active_source_gen_run_id=477 previous_source_gen_run_ids=[476]
[PURGE_PREVIOUS] raw_snapshot_manifest affected=0 previous_ids=[476]
[PURGE_PREVIOUS] source_file_manifest affected=0 previous_ids=[476]
[PURGE_PREVIOUS] source_generation_result_history affected=0 previous_ids=[476]
[PURGE_PREVIOUS] source_generation_result_summary affected=0 previous_ids=[476]
[PURGE_PREVIOUS] stg_webserver_log_hit affected=33527 previous_ids=[476]
[PURGE_PREVIOUS] stg_wc_log_hit affected=33527 previous_ids=[476]
[PURGE_PREVIOUS] event_log_raw affected=0 previous_ids=[476]
[PURGE_PREVIOUS] canonical_events affected=0 previous_ids=[476]
[PURGE_PREVIOUS] stg_event_batch affected=0 previous_ids=[476]
[PURGE_PREVIOUS] stg_event_stream affected=0 previous_ids=[476]
[PURGE_PREVIOUS] stream_replay_event affected=0 previous_ids=[476]
[PURGE_PREVIOUS] canonical_behavior_events affected=0 previous_ids=[476]
[PURGE_PREVIOUS] canonical_transaction_events affected=0 previous_ids=[476]
[PURGE_PREVIOUS] canonical_state_events affected=0 previous_ids=[476]
[PURGE_PREVIOUS] behavior_transaction_mapping affected=0 previous_ids=[476]
[PURGE_PREVIOUS] transaction_state_mapping affected=0 previous_ids=[476]
[PURGE_PREVIOUS] v05_runtime_evidence_day affected=0 previous_ids=[476]
[PURGE_PREVIOUS] v05_reconciliation_measurement_day affected=0 previous_ids=[476]
[PURGE_PREVIOUS] reliability_analysis_result_day_v05 affected=0 previous_ids=[476]
[PURGE_PREVIOUS] semantic_interpretation_day_v05 affected=0 previous_ids=[476]
[PURGE_PREVIOUS] unified_reliability_score_day_v05 affected=0 previous_ids=[476]
[PURGE_PREVIOUS] action_recommendation_day_v05 affected=0 previous_ids=[476]
[DONE] purge_previous_sourcegen_runs total_affected=67054

[STEP 2.07] validate active source_gen run guard
[RUN] /home/dwkim_nethru/data/etl/data-reliability-platform/.venv/bin/python3 -m pipelines.commerce.validation.validate_v05_active_sourcegen_run --db-host 127.0.0.1 --db-port 3306 --db-user nethru --db-pass nethru1234 --db-name weblog --profile-id commerce_deliver --target-date 2026-05-28 --scenario-name baseline --active-source-gen-run-id 477
[ACTIVE_CHECK] stg_webserver_log_hit
  source_gen_run_id=477 cnt=33527
[ACTIVE_CHECK] stg_wc_log_hit
[ACTIVE_CHECK] event_log_raw
[ACTIVE_CHECK] canonical_events
[OK] active source_gen_run_id guard passed scenario=baseline active=477
[INFO] WC collection anomaly disabled: runtime_mode=none; WC missing rates are intentionally not passed
[RUN] /home/dwkim_nethru/data/etl/data-reliability-platform/.venv/bin/python3 /home/dwkim_nethru/data/etl/data-reliability-platform/pipelines/collect/collector_wc_log_hit_v04.py --db-host 127.0.0.1 --db-port 3306 --db-user nethru --db-pass nethru1234 --db-name weblog --profile-id commerce_deliver --source-gen-run-id 477 --dt-from 2026-05-28 --dt-to 2026-05-28 --drop-rate 0.00 --dup-rate 0.00 --force-status-200-rate 0.00 --page-event-mode evt_or_page_type --host-default www.commerce-deliver.example.com --seed 42 --runtime-mode none --truncate-target
[collector_wc_log_hit_v04] runtime_mode=none source_rows=33527 page_rows=33527 dropped=0 dup_added=0 wc_rows=33527 wc_missing_rates=not_applied
[RUN] /home/dwkim_nethru/data/etl/data-reliability-platform/.venv/bin/python3 /home/dwkim_nethru/data/etl/data-reliability-platform/pipelines/canonical/load_event_log_raw_v04.py --db-host 127.0.0.1 --db-port 3306 --db-user nethru --db-pass nethru1234 --db-name weblog --profile-id commerce_deliver --dt-from 2026-05-28 --dt-to 2026-05-28 --source-gen-run-id 477 --truncate-target
[load_event_log_raw_v04] rows=33527 inserted=33527
[RUN] /home/dwkim_nethru/data/etl/data-reliability-platform/.venv/bin/python3 /home/dwkim_nethru/data/etl/data-reliability-platform/pipelines/canonical/build_canonical_events_v04.py --db-host 127.0.0.1 --db-port 3306 --db-user nethru --db-pass nethru1234 --db-name weblog --profile-id commerce_deliver --source-gen-run-id 477 --dt-from 2026-05-28 --dt-to 2026-05-28 --run-id 482 --truncate-target
[build_canonical_events_v04] rows=33527 inserted=33527

[STEP 2.1] v0.4 runtime evidence materialization: batch + stream + operational
[RUN] /home/dwkim_nethru/data/etl/data-reliability-platform/.venv/bin/python3 /home/dwkim_nethru/data/etl/data-reliability-platform/pipelines/batch/build_stg_event_batch_from_canonical_v04_enriched.py --db-host 127.0.0.1 --db-port 3306 --db-user nethru --db-pass nethru1234 --db-name weblog --profile-id commerce_deliver --dt-from 2026-05-28 --dt-to 2026-05-28 --run-id 482 --truncate-target
[build_stg_event_batch_from_canonical_v04_enriched] rows=33527 inserted=33527
[RUN] /home/dwkim_nethru/data/etl/data-reliability-platform/.venv/bin/python3 /home/dwkim_nethru/data/etl/data-reliability-platform/pipelines/batch/analyzer_b_v5_v04.py --db-host 127.0.0.1 --db-port 3306 --db-user nethru --db-pass nethru1234 --db-name weblog --profile-id commerce_deliver --dt-from 2026-05-28 --dt-to 2026-05-28 --identity-mode uid_pcid_ip --session-timeout-sec 1800 --pv-mode view_only --truncate-target --write-legacy
[analyzer_b_v5_v04] source=stg_event_batch profile_id=commerce_deliver dt_from=2026-05-28 dt_to=2026-05-28 processed_days=1 rows=33527
[RUN] /home/dwkim_nethru/data/etl/data-reliability-platform/.venv/bin/python3 /home/dwkim_nethru/data/etl/data-reliability-platform/pipelines/batch/batch_quality_diagnostic_v04.py --db-host 127.0.0.1 --db-port 3306 --db-user nethru --db-pass nethru1234 --db-name weblog --profile-id commerce_deliver --dt-from 2026-05-28 --dt-to 2026-05-28 --truncate
[batch_quality_diagnostic_v04] inserted=2
[RUN] /home/dwkim_nethru/data/etl/data-reliability-platform/.venv/bin/python3 -m pipelines.commerce.runtime.materialize_v05_stream_operational_fallback --db-host 127.0.0.1 --db-port 3306 --db-user nethru --db-pass nethru1234 --db-name weblog --profile-id commerce_deliver --target-date 2026-05-28 --run-id 482 --source-gen-run-id 477 --scenario-name baseline --truncate-target
[INFO] deleted stg_event_stream rows=0 filters=profile_id,dt,run_id,source_gen_run_id
[INFO] deleted stream_replay_event rows=0 filters=profile_id,target_date,run_id,source_gen_run_id
[INFO] deleted pipeline_performance_summary_day rows=0 filters=dt,pipeline_name,entity_scope,processing_mode,runtime_mode,run_id,source_gen_run_id
[INFO] deleted pipeline_availability_day rows=0 filters=dt,pipeline_name,entity_scope,processing_mode,runtime_mode
[OK] materialize_v05_stream_operational_fallback stg_event_stream_rows=33527 stream_replay_event_rows=33527 performance_table=schema_aware availability_table=schema_aware
[RUN] /home/dwkim_nethru/data/etl/data-reliability-platform/.venv/bin/python3 /home/dwkim_nethru/data/etl/data-reliability-platform/pipelines/stream/stream_duplicate_runner_v4.py --db-host 127.0.0.1 --db-port 3306 --db-user nethru --db-pass nethru1234 --db-name weblog --profile-id commerce_deliver --dt-from 2026-05-28 --dt-to 2026-05-28
[stream_duplicate_runner_v4] done
[RUN] /home/dwkim_nethru/data/etl/data-reliability-platform/.venv/bin/python3 /home/dwkim_nethru/data/etl/data-reliability-platform/pipelines/stream/stream_ordering_runner_v3.py --db-host 127.0.0.1 --db-port 3306 --db-user nethru --db-pass nethru1234 --db-name weblog --profile-id commerce_deliver --dt-from 2026-05-28 --dt-to 2026-05-28
[stream_ordering_runner_v3] done
[RUN] /home/dwkim_nethru/data/etl/data-reliability-platform/.venv/bin/python3 /home/dwkim_nethru/data/etl/data-reliability-platform/pipelines/stream/stream_latency_runner_v3.py --db-host 127.0.0.1 --db-port 3306 --db-user nethru --db-pass nethru1234 --db-name weblog --profile-id commerce_deliver --dt-from 2026-05-28 --dt-to 2026-05-28
[stream_latency_runner_v3] done
[RUN] /home/dwkim_nethru/data/etl/data-reliability-platform/.venv/bin/python3 /home/dwkim_nethru/data/etl/data-reliability-platform/pipelines/stream/stream_completeness_runner_v3.py --db-host 127.0.0.1 --db-port 3306 --db-user nethru --db-pass nethru1234 --db-name weblog --profile-id commerce_deliver --dt-from 2026-05-28 --dt-to 2026-05-28
[stream_completeness_runner_v3] done
[RUN] /home/dwkim_nethru/data/etl/data-reliability-platform/.venv/bin/python3 /home/dwkim_nethru/data/etl/data-reliability-platform/pipelines/stream/stream_reliability_aggregator_v5.py --db-host 127.0.0.1 --db-port 3306 --db-user nethru --db-pass nethru1234 --db-name weblog --profile-id commerce_deliver --dt-from 2026-05-28 --dt-to 2026-05-28
[stream_reliability_aggregator_v5] done mode=result_tables
[RUN] /home/dwkim_nethru/data/etl/data-reliability-platform/.venv/bin/python3 /home/dwkim_nethru/data/etl/data-reliability-platform/pipelines/stream/stream_validation_v04.py --db-host 127.0.0.1 --db-port 3306 --db-user nethru --db-pass nethru1234 --db-name weblog --profile-id commerce_deliver --dt-from 2026-05-28 --dt-to 2026-05-28 --run-id 482 --truncate
[stream_validation_v04] done dates=1 results=4
[RUN] /home/dwkim_nethru/data/etl/data-reliability-platform/.venv/bin/python3 /home/dwkim_nethru/data/etl/data-reliability-platform/pipelines/risk_ops/build_operational_events_from_canonical_v04.py --db-host 127.0.0.1 --db-port 3306 --db-user nethru --db-pass nethru1234 --db-name weblog --profile-id commerce_deliver --dt-from 2026-05-28 --dt-to 2026-05-28 --run-id 482 --truncate-target --commit-every 1000 --batch-size 1000
[build_operational_events_from_canonical_v04] profile_id=commerce_deliver dt_from=2026-05-28 dt_to=2026-05-28 run_id=482 canonical_rows=33527 inserted=33527 lag_matches=0 lag_sleeps=0
[RUN] /home/dwkim_nethru/data/etl/data-reliability-platform/.venv/bin/python3 /home/dwkim_nethru/data/etl/data-reliability-platform/pipelines/risk_ops/run_batch_from_canonical.py --db-host 127.0.0.1 --db-port 3306 --db-user nethru --db-pass nethru1234 --db-name weblog --profile-id commerce_deliver --dt-from 2026-05-28 --dt-to 2026-05-28 --run-id 482 --truncate-target
[run_batch_from_canonical] done rows=1
[RUN] /home/dwkim_nethru/data/etl/data-reliability-platform/.venv/bin/python3 /home/dwkim_nethru/data/etl/data-reliability-platform/pipelines/risk_ops/build_pipeline_performance_summary_minute_v6.py --db-host 127.0.0.1 --db-port 3306 --db-user nethru --db-pass nethru1234 --db-name weblog --profile-id commerce_deliver --dt-from 2026-05-28 --dt-to 2026-05-28 --truncate-target --run-id 482 --baseline-throughput-per-minute 0 --throughput-baseline-mode auto_active_minutes
[DONE] pipeline_performance_summary_minute built (v6.1 event-time active-minute baseline)
[RUN] /home/dwkim_nethru/data/etl/data-reliability-platform/.venv/bin/python3 /home/dwkim_nethru/data/etl/data-reliability-platform/pipelines/risk_ops/build_pipeline_performance_summary_day_v2.py --db-host 127.0.0.1 --db-port 3306 --db-user nethru --db-pass nethru1234 --db-name weblog --profile-id commerce_deliver --dt-from 2026-05-28 --dt-to 2026-05-28 --truncate-target
[DONE] pipeline_performance_summary_day built (v2 stream+batch)
[RUN] /home/dwkim_nethru/data/etl/data-reliability-platform/.venv/bin/python3 /home/dwkim_nethru/data/etl/data-reliability-platform/pipelines/risk_ops/build_pipeline_availability_run_v5.py --db-host 127.0.0.1 --db-port 3306 --db-user nethru --db-pass nethru1234 --db-name weblog --profile-id commerce_deliver --dt-from 2026-05-28 --dt-to 2026-05-28 --truncate-target --run-id 482
[DONE] pipeline_availability_run built (v5 replay-adjusted + batch)
[RUN] /home/dwkim_nethru/data/etl/data-reliability-platform/.venv/bin/python3 /home/dwkim_nethru/data/etl/data-reliability-platform/pipelines/risk_ops/build_pipeline_availability_day.py --db-host 127.0.0.1 --db-port 3306 --db-user nethru --db-pass nethru1234 --db-name weblog --profile-id commerce_deliver --dt-from 2026-05-28 --dt-to 2026-05-28 --truncate-target
[DONE] pipeline_availability_day built

[STEP 3] transaction/state raw persistence
[RUN] /home/dwkim_nethru/data/etl/data-reliability-platform/.venv/bin/python3 -m pipelines.commerce.ingest.load_v05_transaction_state_raw --db-host 127.0.0.1 --db-port 3306 --db-user nethru --db-pass nethru1234 --db-name weblog --profile-id commerce_deliver --target-date 2026-05-28 --run-id 482 --source-gen-run-id 477 --input-dir /mnt/d/etl_storage/log/logdata/source/commerce_deliver/2026-05-28/baseline --truncate-target
[load_v05_transaction_state_raw] transaction=4086 state=2444

[STEP 3.1] canonical behavior/transaction/state
[RUN] /home/dwkim_nethru/data/etl/data-reliability-platform/.venv/bin/python3 -m pipelines.commerce.canonical.build_v05_canonical_transaction_state_events --db-host 127.0.0.1 --db-port 3306 --db-user nethru --db-pass nethru1234 --db-name weblog --profile-id commerce_deliver --target-date 2026-05-28 --run-id 482 --source-gen-run-id 477 --truncate-target
[build_v05_canonical_transaction_state_events] behavior=33527 transaction=4086 state=2444

[STEP 3.2] mapping metadata
[RUN] /home/dwkim_nethru/data/etl/data-reliability-platform/.venv/bin/python3 -m pipelines.commerce.mapping.build_v05_reconciliation_mapping --db-host 127.0.0.1 --db-port 3306 --db-user nethru --db-pass nethru1234 --db-name weblog --profile-id commerce_deliver --target-date 2026-05-28 --run-id 482 --source-gen-run-id 477 --truncate-target
[build_v05_reconciliation_mapping] behavior_transaction=34780 transaction_state=5140
[RUN] /home/dwkim_nethru/data/etl/data-reliability-platform/.venv/bin/python3 -m pipelines.commerce.validation.test_v05_phase2_canonical_mapping --db-host 127.0.0.1 --db-port 3306 --db-user nethru --db-pass nethru1234 --db-name weblog --profile-id commerce_deliver --target-date 2026-05-28 --run-id 482 --source-gen-run-id 477
canonical_behavior_events_exists: PASS (33527)
canonical_transaction_events_exists: PASS (4086)
canonical_state_events_exists: PASS (2444)
behavior_transaction_mapping_exists: PASS (34780)
transaction_state_mapping_exists: PASS (5140)
behavior_transaction_match_possible: PASS (11283)
transaction_state_match_possible: PASS (3715)
orphan_metadata_queryable: PASS (bt=23497, ts=1425)
duplicate_metadata_queryable: PASS (0)
[OK] v0.5 Phase2 validation passed mode=standard

[STEP 4] runtime measurement + analytics evidence layer; v0.4 legacy risk disabled by default

[STEP 4.1] measurement evidence: batch / stream / operational / realism
[RUN] /home/dwkim_nethru/data/etl/data-reliability-platform/.venv/bin/python3 /home/dwkim_nethru/data/etl/data-reliability-platform/pipelines/measurement/python/build_measurement_batch_day.py --db-host 127.0.0.1 --db-port 3306 --db-user nethru --db-pass nethru1234 --db-name weblog --profile-id commerce_deliver --dt-from 2026-05-28 --dt-to 2026-05-28 --run-id 482 --scenario-name baseline
[MEASUREMENT_BATCH_RESTORE] profile_id=commerce_deliver dt=2026-05-28 run_id=482 visit=7009 uv=6966 pv=21060 event_count=33527 mapping_coverage=1.000000
[RUN] /home/dwkim_nethru/data/etl/data-reliability-platform/.venv/bin/python3 -m pipelines.measurement.python.build_v05_batch_behavior_distribution_day --db-host 127.0.0.1 --db-port 3306 --db-user nethru --db-pass nethru1234 --db-name weblog --profile-id commerce_deliver --dt 2026-05-28 --run-id 482 --source-gen-run-id 477 --scenario-name baseline --input-dir /mnt/d/etl_storage/log/logdata/source/commerce_deliver/2026-05-28/baseline --baseline-mode temporal_baseline --baseline-window 30d --write-baseline-comparison
[OK] build_v05_batch_behavior_distribution_day rows=50 events=33527 dims=device_type,event_name,funnel_stage,hour,page_type sources=event_name:canonical_events;page_type:canonical_events;device_type:canonical_events;funnel_stage:canonical_events;hour:stg_event_batch baseline_compare=True compare_rows=50
[INFO] build baseline distribution snapshot from baseline run output
[RUN] /home/dwkim_nethru/data/etl/data-reliability-platform/.venv/bin/python3 -m pipelines.commerce.baseline.build_v05_baseline_distribution_snapshot_day --db-host 127.0.0.1 --db-port 3306 --db-user nethru --db-pass nethru1234 --db-name weblog --profile-id commerce_deliver --target-date 2026-05-28 --baseline-window 30d --baseline-scenario baseline --include-target-date --truncate-target
[OK] build_v05_baseline_distribution_snapshot_day target=2026-05-28 window=30d rows=50 range=2026-04-28..2026-05-28
[RUN] /home/dwkim_nethru/data/etl/data-reliability-platform/.venv/bin/python3 /home/dwkim_nethru/data/etl/data-reliability-platform/pipelines/measurement/python/build_measurement_stream_day.py --db-host 127.0.0.1 --db-port 3306 --db-user nethru --db-pass nethru1234 --db-name weblog --profile-id commerce_deliver --dt-from 2026-05-28 --dt-to 2026-05-28 --run-id 482 --scenario-name baseline
[MEASUREMENT_STREAM] profile_id=commerce_deliver dt=2026-05-28 run_id=482 stream_event_count=33527 completeness_rate=1.000000
[RUN] /home/dwkim_nethru/data/etl/data-reliability-platform/.venv/bin/python3 /home/dwkim_nethru/data/etl/data-reliability-platform/pipelines/measurement/python/build_measurement_operational_day.py --db-host 127.0.0.1 --db-port 3306 --db-user nethru --db-pass nethru1234 --db-name weblog --profile-id commerce_deliver --dt-from 2026-05-28 --dt-to 2026-05-28 --run-id 482 --scenario-name baseline
[MEASUREMENT_OPERATIONAL] profile_id=commerce_deliver dt=2026-05-28 run_id=482 processed_count=33527 availability_ratio=1.000000
[RUN] /home/dwkim_nethru/data/etl/data-reliability-platform/.venv/bin/python3 /home/dwkim_nethru/data/etl/data-reliability-platform/pipelines/measurement/python/build_measurement_realism_day.py --db-host 127.0.0.1 --db-port 3306 --db-user nethru --db-pass nethru1234 --db-name weblog --profile-id commerce_deliver --dt 2026-05-28 --baseline-dt 2026-05-28 --baseline-mode temporal_baseline --baseline-window 30d --run-id 482 --source-gen-run-id 477 --scenario-name baseline --truncate-target
[MEASUREMENT_REALISM_COMPLETION] scenario=baseline completeness=0.000000 timeliness=0.000000 availability=0.000000 integrity=0.000000 status=PASS baseline_mode=temporal_baseline baseline_window=30d

[STEP 4.15] resolve v0.5 baseline reference for analytics
[RUN] /home/dwkim_nethru/data/etl/data-reliability-platform/.venv/bin/python3 -m pipelines.commerce.baseline.resolve_v05_baseline_reference --db-host 127.0.0.1 --db-port 3306 --db-user nethru --db-pass nethru1234 --db-name weblog --profile-id commerce_deliver --target-date 2026-05-28 --scenario-name baseline --baseline-mode temporal_baseline --baseline-window 30d --format shell
BASELINE_MODE='temporal_baseline'
BASELINE_WINDOW='30d'
BASELINE_AVAILABLE='true'
FALLBACK_POLICY='use_baseline_snapshot'

[STEP 4.2] behavior/batch analytics evidence only
[RUN] Rscript /home/dwkim_nethru/data/etl/data-reliability-platform/pipelines/analytics/r/r_batch_behavior_analysis.R --db-host 127.0.0.1 --db-port 3306 --db-user nethru --db-pass nethru1234 --db-name weblog --profile-id commerce_deliver --dt 2026-05-28 --run-id 482 --scenario-name baseline --baseline-dt 2026-05-28 --baseline-mode temporal_baseline --baseline-window 30d
[1] 0
[1] 1
[R_BATCH_BEHAVIOR_ANALYSIS] profile=commerce_deliver dt=2026-05-28 run_id=482 dominant=behavior_distortion overall=0.000000 status=PASS baseline_status=baseline_available
Warning message:
call dbDisconnect() when finished working with a connection 
[RUN] Rscript /home/dwkim_nethru/data/etl/data-reliability-platform/pipelines/analytics/r/build_v05_batch_distribution_analysis.R --db-host 127.0.0.1 --db-port 3306 --db-user nethru --db-pass nethru1234 --db-name weblog --profile-id commerce_deliver --dt 2026-05-28 --run-id 482 --scenario-name baseline --baseline-dt 2026-05-28 --baseline-mode temporal_baseline --baseline-window 30d
[1] 0
[1] 1
[OK] build_v05_batch_distribution_analysis scenario=baseline rows=50 max_score=0.000000 status=PASS baseline_window=30d
Warning message:
call dbDisconnect() when finished working with a connection 
[RUN] Rscript /home/dwkim_nethru/data/etl/data-reliability-platform/pipelines/analytics/r/build_v05_batch_behavior_anomaly.R --db-host 127.0.0.1 --db-port 3306 --db-user nethru --db-pass nethru1234 --db-name weblog --profile-id commerce_deliver --dt 2026-05-28 --run-id 482 --scenario-name baseline
[1] 0
[1] 1
[OK] build_v05_batch_behavior_anomaly scenario=baseline signal=none score=0.000000 status=PASS
Warning message:
call dbDisconnect() when finished working with a connection 
[RUN] Rscript /home/dwkim_nethru/data/etl/data-reliability-platform/pipelines/analytics/r/r_time_pattern_anomaly_v04.R --db-host 127.0.0.1 --db-port 3306 --db-user nethru --db-pass nethru1234 --db-name weblog --profile-id commerce_deliver --dt 2026-05-28 --run-id 482 --scenario-name baseline --baseline-dt 2026-05-28 --baseline-mode temporal_baseline --baseline-window 30d
[1] 0
[1] 1
[R_TIME_PATTERN_SCORE_FIX_V10] rows=24 score=0.000000 status=PASS baseline_window=30d
Warning message:
call dbDisconnect() when finished working with a connection 
[RUN] Rscript /home/dwkim_nethru/data/etl/data-reliability-platform/pipelines/analytics/r/r_correlation_anomaly_v04.R --db-host 127.0.0.1 --db-port 3306 --db-user nethru --db-pass nethru1234 --db-name weblog --profile-id commerce_deliver --dt 2026-05-28 --run-id 482 --scenario-name baseline --baseline-dt 2026-05-28 --baseline-mode temporal_baseline --baseline-window 30d
[1] 0
[R_CORRELATION_SAFE_COR_FIX_V12] pairs=6 max_abs_cor=0.000000 status=PASS
Warning message:
call dbDisconnect() when finished working with a connection 
[RUN] Rscript /home/dwkim_nethru/data/etl/data-reliability-platform/pipelines/analytics/r/r_risk_metric_distribution_day.R --db-host 127.0.0.1 --db-port 3306 --db-user nethru --db-pass nethru1234 --db-name weblog --profile-id commerce_deliver --dt 2026-05-28 --run-id 482
[1] 0
[R_OP_DISTRIBUTION_REENGINEERED_V1] source=measurement_operational_day metrics=6
Warning message:
call dbDisconnect() when finished working with a connection 
[RUN] Rscript /home/dwkim_nethru/data/etl/data-reliability-platform/pipelines/analytics/r/r_risk_threshold_profile_v2.R --db-host 127.0.0.1 --db-port 3306 --db-user nethru --db-pass nethru1234 --db-name weblog --profile-id commerce_deliver --dt 2026-05-28 --run-id 482 --effective-from 2026-05-28
[1] 0
[R_OP_THRESHOLD_REENGINEERED_V1] rows=6
Warning message:
call dbDisconnect() when finished working with a connection 
[INFO] skipped r_reliability_analysis.R; v0.4 reliability analysis is risk-like output and not the v0.5 runtime evidence interface

[STEP 4.4] build v0.5 runtime evidence interface
[RUN] /home/dwkim_nethru/data/etl/data-reliability-platform/.venv/bin/python3 -m pipelines.commerce.runtime.build_v05_runtime_evidence_day --db-host 127.0.0.1 --db-port 3306 --db-user nethru --db-pass nethru1234 --db-name weblog --profile-id commerce_deliver --target-date 2026-05-28 --run-id 482 --source-gen-run-id 477 --scenario-name baseline --truncate-target
[OK] build_v05_runtime_evidence_day profile_id=commerce_deliver target_date=2026-05-28 run_id=482 scenario=baseline score=0.000000 level=low dominant=none

[STEP 5] v0.5 commerce reconciliation measurement
[RUN] /home/dwkim_nethru/data/etl/data-reliability-platform/.venv/bin/python3 -m pipelines.commerce.measurement.build_v05_reconciliation_measurement --db-host 127.0.0.1 --db-port 3306 --db-user nethru --db-pass nethru1234 --db-name weblog --profile-id commerce_deliver --target-date 2026-05-28 --run-id 482 --source-gen-run-id 477 --scenario-name baseline --truncate-target
[build_v05_reconciliation_measurement] OK

[STEP 6] v0.5 authoritative commerce analytics / semantic / risk / action
[RUN] Rscript /home/dwkim_nethru/data/etl/data-reliability-platform/pipelines/commerce/analytics/build_v05_reliability_analysis.R --db-host 127.0.0.1 --db-port 3306 --db-user nethru --db-pass nethru1234 --db-name weblog --profile-id commerce_deliver --target-date 2026-05-28 --run-id 482 --source-gen-run-id 477 --scenario-name baseline
[1] 0
[1] 1
[build_v05_reliability_analysis.R] OK reconciliation_gap=0.000000 distortion=0.000000 baseline_delta=0.000000 runtime=0.000000 dominant_runtime=none runtime_status=FOUND philosophy=measurement_delta_based
Warning message:
call dbDisconnect() when finished working with a connection 

[STEP 6.05] v0.5 observability reliability analysis as native semantic input
[RUN] Rscript /home/dwkim_nethru/data/etl/data-reliability-platform/pipelines/commerce/analytics/build_v05_observability_reliability_analysis.R --db-host 127.0.0.1 --db-port 3306 --db-user nethru --db-pass nethru1234 --db-name weblog --profile-id commerce_deliver --target-date 2026-05-28 --run-id 482 --source-gen-run-id 477 --scenario-name baseline
[OK] build_v05_observability_reliability_analysis skipped: no row
Warning message:
call dbDisconnect() when finished working with a connection 
[RUN] Rscript /home/dwkim_nethru/data/etl/data-reliability-platform/pipelines/commerce/semantic/build_v05_semantic_interpretation.R --db-host 127.0.0.1 --db-port 3306 --db-user nethru --db-pass nethru1234 --db-name weblog --profile-id commerce_deliver --target-date 2026-05-28 --run-id 482 --source-gen-run-id 477 --scenario-name baseline
[1] 0
[1] 1
[build_v05_semantic_interpretation.R] OK dominant=None max_raw_score=0.000000 active_gate=0.300000 observability_score=0.000000 observability_signal=none philosophy=PASS
Warning message:
call dbDisconnect() when finished working with a connection 
[RUN] Rscript /home/dwkim_nethru/data/etl/data-reliability-platform/pipelines/commerce/score/build_v05_unified_risk_score.R --db-host 127.0.0.1 --db-port 3306 --db-user nethru --db-pass nethru1234 --db-name weblog --profile-id commerce_deliver --target-date 2026-05-28 --run-id 482 --source-gen-run-id 477 --scenario-name baseline
[1] 0
[1] 1
[build_v05_unified_risk_score.R] OK overall=0.000000 level=stable raw=0.000000 observability=0.000000 observability_floor=0.000000 runtime_weight=0.000000 dominant_runtime=none philosophy=PASS
Warning message:
call dbDisconnect() when finished working with a connection 
[RUN] /home/dwkim_nethru/data/etl/data-reliability-platform/.venv/bin/python3 -m pipelines.commerce.action.build_v05_action_recommendation --db-host 127.0.0.1 --db-port 3306 --db-user nethru --db-pass nethru1234 --db-name weblog --profile-id commerce_deliver --target-date 2026-05-28 --run-id 482 --source-gen-run-id 477 --scenario-name baseline --truncate-target --calibration-config /home/dwkim_nethru/data/etl/data-reliability-platform/pipelines/commerce/configs/v05_semantic_action_calibration.yaml
[build_v05_action_recommendation] inserted=1 action=no action

[STEP 7] integrated validation
[RUN] /home/dwkim_nethru/data/etl/data-reliability-platform/.venv/bin/python3 -m pipelines.commerce.validation.test_v05_phase1_to_phase4_pipeline --db-host 127.0.0.1 --db-port 3306 --db-user nethru --db-pass nethru1234 --db-name weblog --profile-id commerce_deliver --target-date 2026-05-28 --run-id 482 --source-gen-run-id 477
[CHECK] canonical_behavior_events: PASS (33527)
[CHECK] canonical_transaction_events: PASS (4086)
[CHECK] canonical_state_events: PASS (2444)
[CHECK] transaction_state_mapping: PASS (5140)
[CHECK] behavior_transaction_mapping: PASS (34780)
[CHECK] v05_reconciliation_measurement_day: PASS (1)
[CHECK] reliability_analysis_result_day_v05: PASS (1)
[CHECK] semantic_interpretation_day_v05: PASS (1)
[CHECK] unified_reliability_score_day_v05: PASS (1)
[CHECK] action_recommendation_day_v05: PASS (1)
[CHECK] behavior_transaction_match_rate=0.324411: PASS
[CHECK] transaction_state_match_rate=0.722763: PASS
[CHECK] overall_risk_score=0.000000: PASS
[CHECK] baseline_calibration score=0.000000 level=stable dominant=None: PASS
[CHECK] baseline_no_false_action action_count=1 action=no action: PASS
[OK] v0.5 Phase1~4 validation passed mode=standard
[RUN] /home/dwkim_nethru/data/etl/data-reliability-platform/.venv/bin/python3 -m pipelines.commerce.validation.validate_v05_commerce_run --db-host 127.0.0.1 --db-port 3306 --db-user nethru --db-pass nethru1234 --db-name weblog --profile-id commerce_deliver --target-date 2026-05-28 --run-id 482 --source-gen-run-id 477 --scenario-name baseline --allow-low-risk-anomaly
[CHECK] canonical_behavior_events: 33527
[CHECK] canonical_transaction_events: 4086
[CHECK] canonical_state_events: 2444
[CHECK] v05_reconciliation_measurement_day: 1
[CHECK] reliability_analysis_result_day_v05: 1
[CHECK] semantic_interpretation_day_v05: 1
[CHECK] unified_reliability_score_day_v05: 1
[CHECK] action_recommendation_day_v05: 1
[CHECK] scenario_contract: standard scenario contract
[CHECK] behavior_transaction_match_rate: 0.324411
[CHECK] transaction_state_match_rate: 0.722763
[CHECK] behavior_only_count: 22244
[CHECK] transaction_only_count: 1253
[CHECK] transaction_without_state_count: 127
[CHECK] orphan_state_count: 1298
[CHECK] dominant_semantic_risk: None
[CHECK] overall_risk_score: 0.0
[CHECK] final_risk_level: stable
[CHECK] recommended_action: no action
[OK] validate_v05_commerce_run passed scenario=baseline

[STEP 8] authoritative review
table_name	cnt
canonical_behavior_events	33527
canonical_transaction_events	4086
canonical_state_events	2444
stg_event_stream	33527
behavior_transaction_match_rate	transaction_state_match_rate	behavior_only_count	transaction_only_count	orphan_state_count	transaction_without_state_count
0.324411	0.722763	22244	1253	1298	127
dominant_semantic_risk
None
overall_risk_score	final_risk_level
0.000000	stable
action_rank	action_type	recommended_action
1	no action	no action
[DONE] v0.5 commerce reliability pipeline completed
PROFILE_ID=commerce_deliver
DT=2026-05-28
SCENARIO=baseline
SCENARIO_FAMILY=journey_native
SOURCE_GENERATION_SCENARIO=baseline
AUTHORITATIVE_CHAIN=v05_commerce
V04_EVIDENCE_MEASUREMENT=true
V04_LEGACY_DECISION=false
RUN_ID=482
SOURCE_GEN_RUN_ID=477
OUTPUT_DIR=/mnt/d/etl_storage/log/logdata/source/commerce_deliver/2026-05-28/baseline
LOG_FILE=/home/dwkim_nethru/data/etl/data-reliability-platform/artifacts/logs/run_v05_commerce_commerce_deliver_2026-05-28_baseline_20260530215159.log
